exception 'ZfcRbac\Exception\UnauthorizedException' with message 'You are not authorized to access this resource' in D:\www\platform-admin\vendor\zf-commons\zfc-rbac\src\ZfcRbac\Guard\AbstractGuard.php:66
Stack trace:
#0 [internal function]: ZfcRbac\Guard\AbstractGuard->onResult(Object(Zend\Mvc\MvcEvent))
#1 D:\www\platform-admin\vendor\zendframework\zendframework\library\Zend\EventManager\EventManager.php(444): call_user_func(Array, Object(Zend\Mvc\MvcEvent))
#2 D:\www\platform-admin\vendor\zendframework\zendframework\library\Zend\EventManager\EventManager.php(205): Zend\EventManager\EventManager->triggerListeners('route', Object(Zend\Mvc\MvcEvent), Object(Closure))
#3 D:\www\platform-admin\vendor\zendframework\zendframework\library\Zend\Mvc\Application.php(297): Zend\EventManager\EventManager->trigger('route', Object(Zend\Mvc\MvcEvent), Object(Closure))
#4 D:\www\platform-admin\public\index.php(12): Zend\Mvc\Application->run()
#5 {main}exception 'Zend\ServiceManager\Exception\ServiceNotFoundException' with message 'Zend\ServiceManager\ServiceManager::get was unable to fetch or create an instance for UserTable' in D:\www\platform-admin\vendor\zendframework\zendframework\library\Zend\ServiceManager\ServiceManager.php:555
Stack trace:
#0 D:\www\platform-admin\vendor\moln\gzfextra\src\Gzfextra\Mvc\Controller\Plugin\Get.php(19): Zend\ServiceManager\ServiceManager->get('UserTable', true)
#1 [internal function]: Gzfextra\Mvc\Controller\Plugin\Get->__invoke('UserTable')
#2 D:\www\platform-admin\vendor\zendframework\zendframework\library\Zend\Mvc\Controller\AbstractController.php(309): call_user_func_array(Object(Gzfextra\Mvc\Controller\Plugin\Get), Array)
#3 D:\www\platform-admin\module\Admin\src\Controller\AuthController.php(29): Zend\Mvc\Controller\AbstractController->__call('get', Array)
#4 D:\www\platform-admin\module\Admin\src\Controller\AuthController.php(29): Admin\Controller\AuthController->get('UserTable')
#5 D:\www\platform-admin\vendor\zendframework\zendframework\library\Zend\Mvc\Controller\AbstractActionController.php(82): Admin\Controller\AuthController->loginAction()
#6 [internal function]: Zend\Mvc\Controller\AbstractActionController->onDispatch(Object(Zend\Mvc\MvcEvent))
#7 D:\www\platform-admin\vendor\zendframework\zendframework\library\Zend\EventManager\EventManager.php(444): call_user_func(Array, Object(Zend\Mvc\MvcEvent))
#8 D:\www\platform-admin\vendor\zendframework\zendframework\library\Zend\EventManager\EventManager.php(205): Zend\EventManager\EventManager->triggerListeners('dispatch', Object(Zend\Mvc\MvcEvent), Object(Closure))
#9 D:\www\platform-admin\vendor\zendframework\zendframework\library\Zend\Mvc\Controller\AbstractController.php(118): Zend\EventManager\EventManager->trigger('dispatch', Object(Zend\Mvc\MvcEvent), Object(Closure))
#10 D:\www\platform-admin\vendor\zendframework\zendframework\library\Zend\Mvc\DispatchListener.php(93): Zend\Mvc\Controller\AbstractController->dispatch(Object(Zend\Http\PhpEnvironment\Request), Object(Zend\Http\PhpEnvironment\Response))
#11 [internal function]: Zend\Mvc\DispatchListener->onDispatch(Object(Zend\Mvc\MvcEvent))
#12 D:\www\platform-admin\vendor\zendframework\zendframework\library\Zend\EventManager\EventManager.php(444): call_user_func(Array, Object(Zend\Mvc\MvcEvent))
#13 D:\www\platform-admin\vendor\zendframework\zendframework\library\Zend\EventManager\EventManager.php(205): Zend\EventManager\EventManager->triggerListeners('dispatch', Object(Zend\Mvc\MvcEvent), Object(Closure))
#14 D:\www\platform-admin\vendor\zendframework\zendframework\library\Zend\Mvc\Application.php(314): Zend\EventManager\EventManager->trigger('dispatch', Object(Zend\Mvc\MvcEvent), Object(Closure))
#15 D:\www\platform-admin\public\index.php(12): Zend\Mvc\Application->run()
#16 {main}exception 'Zend\ServiceManager\Exception\ServiceNotFoundException' with message 'Zend\ServiceManager\ServiceManager::get was unable to fetch or create an instance for Admin\AuthenticationService' in D:\www\platform-admin\vendor\zendframework\zendframework\library\Zend\ServiceManager\ServiceManager.php:555
Stack trace:
#0 D:\www\platform-admin\vendor\moln\gzfextra\src\Gzfextra\Mvc\Controller\Plugin\Get.php(19): Zend\ServiceManager\ServiceManager->get('Admin\\Authentic...', true)
#1 [internal function]: Gzfextra\Mvc\Controller\Plugin\Get->__invoke('Admin\\Authentic...')
#2 D:\www\platform-admin\vendor\zendframework\zendframework\library\Zend\Mvc\Controller\AbstractController.php(309): call_user_func_array(Object(Gzfextra\Mvc\Controller\Plugin\Get), Array)
#3 D:\www\platform-admin\module\Admin\src\Controller\AuthController.php(39): Zend\Mvc\Controller\AbstractController->__call('get', Array)
#4 D:\www\platform-admin\module\Admin\src\Controller\AuthController.php(39): Admin\Controller\AuthController->get('Admin\\Authentic...')
#5 D:\www\platform-admin\vendor\zendframework\zendframework\library\Zend\Mvc\Controller\AbstractActionController.php(82): Admin\Controller\AuthController->loginAction()
#6 [internal function]: Zend\Mvc\Controller\AbstractActionController->onDispatch(Object(Zend\Mvc\MvcEvent))
#7 D:\www\platform-admin\vendor\zendframework\zendframework\library\Zend\EventManager\EventManager.php(444): call_user_func(Array, Object(Zend\Mvc\MvcEvent))
#8 D:\www\platform-admin\vendor\zendframework\zendframework\library\Zend\EventManager\EventManager.php(205): Zend\EventManager\EventManager->triggerListeners('dispatch', Object(Zend\Mvc\MvcEvent), Object(Closure))
#9 D:\www\platform-admin\vendor\zendframework\zendframework\library\Zend\Mvc\Controller\AbstractController.php(118): Zend\EventManager\EventManager->trigger('dispatch', Object(Zend\Mvc\MvcEvent), Object(Closure))
#10 D:\www\platform-admin\vendor\zendframework\zendframework\library\Zend\Mvc\DispatchListener.php(93): Zend\Mvc\Controller\AbstractController->dispatch(Object(Zend\Http\PhpEnvironment\Request), Object(Zend\Http\PhpEnvironment\Response))
#11 [internal function]: Zend\Mvc\DispatchListener->onDispatch(Object(Zend\Mvc\MvcEvent))
#12 D:\www\platform-admin\vendor\zendframework\zendframework\library\Zend\EventManager\EventManager.php(444): call_user_func(Array, Object(Zend\Mvc\MvcEvent))
#13 D:\www\platform-admin\vendor\zendframework\zendframework\library\Zend\EventManager\EventManager.php(205): Zend\EventManager\EventManager->triggerListeners('dispatch', Object(Zend\Mvc\MvcEvent), Object(Closure))
#14 D:\www\platform-admin\vendor\zendframework\zendframework\library\Zend\Mvc\Application.php(314): Zend\EventManager\EventManager->trigger('dispatch', Object(Zend\Mvc\MvcEvent), Object(Closure))
#15 D:\www\platform-admin\public\index.php(12): Zend\Mvc\Application->run()
#16 {main}exception 'Zend\ServiceManager\Exception\ServiceNotFoundException' with message 'Zend\ServiceManager\ServiceManager::get was unable to fetch or create an instance for Admin\AuthenticationAdapterPluginManagerFactory' in D:\www\platform-admin\vendor\zendframework\zendframework\library\Zend\ServiceManager\ServiceManager.php:555
Stack trace:
#0 D:\www\platform-admin\module\Admin\src\Factory\AuthenticationServiceFactory.php(29): Zend\ServiceManager\ServiceManager->get('Admin\\Authentic...')
#1 [internal function]: Admin\Factory\AuthenticationServiceFactory->createService(Object(Zend\ServiceManager\ServiceManager), 'adminauthentica...', 'Admin\\Authentic...')
#2 D:\www\platform-admin\vendor\zendframework\zendframework\library\Zend\ServiceManager\ServiceManager.php(939): call_user_func(Array, Object(Zend\ServiceManager\ServiceManager), 'adminauthentica...', 'Admin\\Authentic...')
#3 D:\www\platform-admin\vendor\zendframework\zendframework\library\Zend\ServiceManager\ServiceManager.php(1097): Zend\ServiceManager\ServiceManager->createServiceViaCallback(Array, 'adminauthentica...', 'Admin\\Authentic...')
#4 D:\www\platform-admin\vendor\zendframework\zendframework\library\Zend\ServiceManager\ServiceManager.php(638): Zend\ServiceManager\ServiceManager->createFromFactory('adminauthentica...', 'Admin\\Authentic...')
#5 D:\www\platform-admin\vendor\zendframework\zendframework\library\Zend\ServiceManager\ServiceManager.php(598): Zend\ServiceManager\ServiceManager->doCreate('Admin\\Authentic...', 'adminauthentica...')
#6 D:\www\platform-admin\vendor\zendframework\zendframework\library\Zend\ServiceManager\ServiceManager.php(530): Zend\ServiceManager\ServiceManager->create(Array)
#7 D:\www\platform-admin\vendor\moln\gzfextra\src\Gzfextra\Mvc\Controller\Plugin\Get.php(19): Zend\ServiceManager\ServiceManager->get('Admin\\Authentic...', true)
#8 [internal function]: Gzfextra\Mvc\Controller\Plugin\Get->__invoke('Admin\\Authentic...')
#9 D:\www\platform-admin\vendor\zendframework\zendframework\library\Zend\Mvc\Controller\AbstractController.php(309): call_user_func_array(Object(Gzfextra\Mvc\Controller\Plugin\Get), Array)
#10 D:\www\platform-admin\module\Admin\src\Controller\AuthController.php(39): Zend\Mvc\Controller\AbstractController->__call('get', Array)
#11 D:\www\platform-admin\module\Admin\src\Controller\AuthController.php(39): Admin\Controller\AuthController->get('Admin\\Authentic...')
#12 D:\www\platform-admin\vendor\zendframework\zendframework\library\Zend\Mvc\Controller\AbstractActionController.php(82): Admin\Controller\AuthController->loginAction()
#13 [internal function]: Zend\Mvc\Controller\AbstractActionController->onDispatch(Object(Zend\Mvc\MvcEvent))
#14 D:\www\platform-admin\vendor\zendframework\zendframework\library\Zend\EventManager\EventManager.php(444): call_user_func(Array, Object(Zend\Mvc\MvcEvent))
#15 D:\www\platform-admin\vendor\zendframework\zendframework\library\Zend\EventManager\EventManager.php(205): Zend\EventManager\EventManager->triggerListeners('dispatch', Object(Zend\Mvc\MvcEvent), Object(Closure))
#16 D:\www\platform-admin\vendor\zendframework\zendframework\library\Zend\Mvc\Controller\AbstractController.php(118): Zend\EventManager\EventManager->trigger('dispatch', Object(Zend\Mvc\MvcEvent), Object(Closure))
#17 D:\www\platform-admin\vendor\zendframework\zendframework\library\Zend\Mvc\DispatchListener.php(93): Zend\Mvc\Controller\AbstractController->dispatch(Object(Zend\Http\PhpEnvironment\Request), Object(Zend\Http\PhpEnvironment\Response))
#18 [internal function]: Zend\Mvc\DispatchListener->onDispatch(Object(Zend\Mvc\MvcEvent))
#19 D:\www\platform-admin\vendor\zendframework\zendframework\library\Zend\EventManager\EventManager.php(444): call_user_func(Array, Object(Zend\Mvc\MvcEvent))
#20 D:\www\platform-admin\vendor\zendframework\zendframework\library\Zend\EventManager\EventManager.php(205): Zend\EventManager\EventManager->triggerListeners('dispatch', Object(Zend\Mvc\MvcEvent), Object(Closure))
#21 D:\www\platform-admin\vendor\zendframework\zendframework\library\Zend\Mvc\Application.php(314): Zend\EventManager\EventManager->trigger('dispatch', Object(Zend\Mvc\MvcEvent), Object(Closure))
#22 D:\www\platform-admin\public\index.php(12): Zend\Mvc\Application->run()
#23 {main}exception 'Zend\ServiceManager\Exception\ServiceNotFoundException' with message 'Zend\ServiceManager\ServiceManager::get was unable to fetch or create an instance for Admin\AuthenticationAdapterPluginManager' in D:\www\platform-admin\vendor\zendframework\zendframework\library\Zend\ServiceManager\ServiceManager.php:555
Stack trace:
#0 D:\www\platform-admin\module\Admin\src\Factory\AuthenticationServiceFactory.php(29): Zend\ServiceManager\ServiceManager->get('Admin\\Authentic...')
#1 [internal function]: Admin\Factory\AuthenticationServiceFactory->createService(Object(Zend\ServiceManager\ServiceManager), 'adminauthentica...', 'Admin\\Authentic...')
#2 D:\www\platform-admin\vendor\zendframework\zendframework\library\Zend\ServiceManager\ServiceManager.php(939): call_user_func(Array, Object(Zend\ServiceManager\ServiceManager), 'adminauthentica...', 'Admin\\Authentic...')
#3 D:\www\platform-admin\vendor\zendframework\zendframework\library\Zend\ServiceManager\ServiceManager.php(1097): Zend\ServiceManager\ServiceManager->createServiceViaCallback(Array, 'adminauthentica...', 'Admin\\Authentic...')
#4 D:\www\platform-admin\vendor\zendframework\zendframework\library\Zend\ServiceManager\ServiceManager.php(638): Zend\ServiceManager\ServiceManager->createFromFactory('adminauthentica...', 'Admin\\Authentic...')
#5 D:\www\platform-admin\vendor\zendframework\zendframework\library\Zend\ServiceManager\ServiceManager.php(598): Zend\ServiceManager\ServiceManager->doCreate('Admin\\Authentic...', 'adminauthentica...')
#6 D:\www\platform-admin\vendor\zendframework\zendframework\library\Zend\ServiceManager\ServiceManager.php(530): Zend\ServiceManager\ServiceManager->create(Array)
#7 D:\www\platform-admin\vendor\moln\gzfextra\src\Gzfextra\Mvc\Controller\Plugin\Get.php(19): Zend\ServiceManager\ServiceManager->get('Admin\\Authentic...', true)
#8 [internal function]: Gzfextra\Mvc\Controller\Plugin\Get->__invoke('Admin\\Authentic...')
#9 D:\www\platform-admin\vendor\zendframework\zendframework\library\Zend\Mvc\Controller\AbstractController.php(309): call_user_func_array(Object(Gzfextra\Mvc\Controller\Plugin\Get), Array)
#10 D:\www\platform-admin\module\Admin\src\Controller\AuthController.php(39): Zend\Mvc\Controller\AbstractController->__call('get', Array)
#11 D:\www\platform-admin\module\Admin\src\Controller\AuthController.php(39): Admin\Controller\AuthController->get('Admin\\Authentic...')
#12 D:\www\platform-admin\vendor\zendframework\zendframework\library\Zend\Mvc\Controller\AbstractActionController.php(82): Admin\Controller\AuthController->loginAction()
#13 [internal function]: Zend\Mvc\Controller\AbstractActionController->onDispatch(Object(Zend\Mvc\MvcEvent))
#14 D:\www\platform-admin\vendor\zendframework\zendframework\library\Zend\EventManager\EventManager.php(444): call_user_func(Array, Object(Zend\Mvc\MvcEvent))
#15 D:\www\platform-admin\vendor\zendframework\zendframework\library\Zend\EventManager\EventManager.php(205): Zend\EventManager\EventManager->triggerListeners('dispatch', Object(Zend\Mvc\MvcEvent), Object(Closure))
#16 D:\www\platform-admin\vendor\zendframework\zendframework\library\Zend\Mvc\Controller\AbstractController.php(118): Zend\EventManager\EventManager->trigger('dispatch', Object(Zend\Mvc\MvcEvent), Object(Closure))
#17 D:\www\platform-admin\vendor\zendframework\zendframework\library\Zend\Mvc\DispatchListener.php(93): Zend\Mvc\Controller\AbstractController->dispatch(Object(Zend\Http\PhpEnvironment\Request), Object(Zend\Http\PhpEnvironment\Response))
#18 [internal function]: Zend\Mvc\DispatchListener->onDispatch(Object(Zend\Mvc\MvcEvent))
#19 D:\www\platform-admin\vendor\zendframework\zendframework\library\Zend\EventManager\EventManager.php(444): call_user_func(Array, Object(Zend\Mvc\MvcEvent))
#20 D:\www\platform-admin\vendor\zendframework\zendframework\library\Zend\EventManager\EventManager.php(205): Zend\EventManager\EventManager->triggerListeners('dispatch', Object(Zend\Mvc\MvcEvent), Object(Closure))
#21 D:\www\platform-admin\vendor\zendframework\zendframework\library\Zend\Mvc\Application.php(314): Zend\EventManager\EventManager->trigger('dispatch', Object(Zend\Mvc\MvcEvent), Object(Closure))
#22 D:\www\platform-admin\public\index.php(12): Zend\Mvc\Application->run()
#23 {main}exception 'Zend\ServiceManager\Exception\ServiceNotCreatedException' with message 'While attempting to create adminauthenticationadapterpluginmanager(alias: Admin\AuthenticationAdapterPluginManager) an invalid factory was registered for this instance type.' in D:\www\platform-admin\vendor\zendframework\zendframework\library\Zend\ServiceManager\ServiceManager.php:1101
Stack trace:
#0 D:\www\platform-admin\vendor\zendframework\zendframework\library\Zend\ServiceManager\ServiceManager.php(638): Zend\ServiceManager\ServiceManager->createFromFactory('adminauthentica...', 'Admin\\Authentic...')
#1 D:\www\platform-admin\vendor\zendframework\zendframework\library\Zend\ServiceManager\ServiceManager.php(598): Zend\ServiceManager\ServiceManager->doCreate('Admin\\Authentic...', 'adminauthentica...')
#2 D:\www\platform-admin\vendor\zendframework\zendframework\library\Zend\ServiceManager\ServiceManager.php(530): Zend\ServiceManager\ServiceManager->create(Array)
#3 D:\www\platform-admin\module\Admin\src\Factory\AuthenticationServiceFactory.php(29): Zend\ServiceManager\ServiceManager->get('Admin\\Authentic...')
#4 [internal function]: Admin\Factory\AuthenticationServiceFactory->createService(Object(Zend\ServiceManager\ServiceManager), 'adminauthentica...', 'Admin\\Authentic...')
#5 D:\www\platform-admin\vendor\zendframework\zendframework\library\Zend\ServiceManager\ServiceManager.php(939): call_user_func(Array, Object(Zend\ServiceManager\ServiceManager), 'adminauthentica...', 'Admin\\Authentic...')
#6 D:\www\platform-admin\vendor\zendframework\zendframework\library\Zend\ServiceManager\ServiceManager.php(1097): Zend\ServiceManager\ServiceManager->createServiceViaCallback(Array, 'adminauthentica...', 'Admin\\Authentic...')
#7 D:\www\platform-admin\vendor\zendframework\zendframework\library\Zend\ServiceManager\ServiceManager.php(638): Zend\ServiceManager\ServiceManager->createFromFactory('adminauthentica...', 'Admin\\Authentic...')
#8 D:\www\platform-admin\vendor\zendframework\zendframework\library\Zend\ServiceManager\ServiceManager.php(598): Zend\ServiceManager\ServiceManager->doCreate('Admin\\Authentic...', 'adminauthentica...')
#9 D:\www\platform-admin\vendor\zendframework\zendframework\library\Zend\ServiceManager\ServiceManager.php(530): Zend\ServiceManager\ServiceManager->create(Array)
#10 D:\www\platform-admin\vendor\moln\gzfextra\src\Gzfextra\Mvc\Controller\Plugin\Get.php(19): Zend\ServiceManager\ServiceManager->get('Admin\\Authentic...', true)
#11 [internal function]: Gzfextra\Mvc\Controller\Plugin\Get->__invoke('Admin\\Authentic...')
#12 D:\www\platform-admin\vendor\zendframework\zendframework\library\Zend\Mvc\Controller\AbstractController.php(309): call_user_func_array(Object(Gzfextra\Mvc\Controller\Plugin\Get), Array)
#13 D:\www\platform-admin\module\Admin\src\Controller\AuthController.php(39): Zend\Mvc\Controller\AbstractController->__call('get', Array)
#14 D:\www\platform-admin\module\Admin\src\Controller\AuthController.php(39): Admin\Controller\AuthController->get('Admin\\Authentic...')
#15 D:\www\platform-admin\vendor\zendframework\zendframework\library\Zend\Mvc\Controller\AbstractActionController.php(82): Admin\Controller\AuthController->loginAction()
#16 [internal function]: Zend\Mvc\Controller\AbstractActionController->onDispatch(Object(Zend\Mvc\MvcEvent))
#17 D:\www\platform-admin\vendor\zendframework\zendframework\library\Zend\EventManager\EventManager.php(444): call_user_func(Array, Object(Zend\Mvc\MvcEvent))
#18 D:\www\platform-admin\vendor\zendframework\zendframework\library\Zend\EventManager\EventManager.php(205): Zend\EventManager\EventManager->triggerListeners('dispatch', Object(Zend\Mvc\MvcEvent), Object(Closure))
#19 D:\www\platform-admin\vendor\zendframework\zendframework\library\Zend\Mvc\Controller\AbstractController.php(118): Zend\EventManager\EventManager->trigger('dispatch', Object(Zend\Mvc\MvcEvent), Object(Closure))
#20 D:\www\platform-admin\vendor\zendframework\zendframework\library\Zend\Mvc\DispatchListener.php(93): Zend\Mvc\Controller\AbstractController->dispatch(Object(Zend\Http\PhpEnvironment\Request), Object(Zend\Http\PhpEnvironment\Response))
#21 [internal function]: Zend\Mvc\DispatchListener->onDispatch(Object(Zend\Mvc\MvcEvent))
#22 D:\www\platform-admin\vendor\zendframework\zendframework\library\Zend\EventManager\EventManager.php(444): call_user_func(Array, Object(Zend\Mvc\MvcEvent))
#23 D:\www\platform-admin\vendor\zendframework\zendframework\library\Zend\EventManager\EventManager.php(205): Zend\EventManager\EventManager->triggerListeners('dispatch', Object(Zend\Mvc\MvcEvent), Object(Closure))
#24 D:\www\platform-admin\vendor\zendframework\zendframework\library\Zend\Mvc\Application.php(314): Zend\EventManager\EventManager->trigger('dispatch', Object(Zend\Mvc\MvcEvent), Object(Closure))
#25 D:\www\platform-admin\public\index.php(12): Zend\Mvc\Application->run()
#26 {main}

Next exception 'Zend\ServiceManager\Exception\ServiceNotCreatedException' with message 'An exception was raised while creating "Admin\AuthenticationService"; no instance returned' in D:\www\platform-admin\vendor\zendframework\zendframework\library\Zend\ServiceManager\ServiceManager.php:946
Stack trace:
#0 D:\www\platform-admin\vendor\zendframework\zendframework\library\Zend\ServiceManager\ServiceManager.php(1097): Zend\ServiceManager\ServiceManager->createServiceViaCallback(Array, 'adminauthentica...', 'Admin\\Authentic...')
#1 D:\www\platform-admin\vendor\zendframework\zendframework\library\Zend\ServiceManager\ServiceManager.php(638): Zend\ServiceManager\ServiceManager->createFromFactory('adminauthentica...', 'Admin\\Authentic...')
#2 D:\www\platform-admin\vendor\zendframework\zendframework\library\Zend\ServiceManager\ServiceManager.php(598): Zend\ServiceManager\ServiceManager->doCreate('Admin\\Authentic...', 'adminauthentica...')
#3 D:\www\platform-admin\vendor\zendframework\zendframework\library\Zend\ServiceManager\ServiceManager.php(530): Zend\ServiceManager\ServiceManager->create(Array)
#4 D:\www\platform-admin\vendor\moln\gzfextra\src\Gzfextra\Mvc\Controller\Plugin\Get.php(19): Zend\ServiceManager\ServiceManager->get('Admin\\Authentic...', true)
#5 [internal function]: Gzfextra\Mvc\Controller\Plugin\Get->__invoke('Admin\\Authentic...')
#6 D:\www\platform-admin\vendor\zendframework\zendframework\library\Zend\Mvc\Controller\AbstractController.php(309): call_user_func_array(Object(Gzfextra\Mvc\Controller\Plugin\Get), Array)
#7 D:\www\platform-admin\module\Admin\src\Controller\AuthController.php(39): Zend\Mvc\Controller\AbstractController->__call('get', Array)
#8 D:\www\platform-admin\module\Admin\src\Controller\AuthController.php(39): Admin\Controller\AuthController->get('Admin\\Authentic...')
#9 D:\www\platform-admin\vendor\zendframework\zendframework\library\Zend\Mvc\Controller\AbstractActionController.php(82): Admin\Controller\AuthController->loginAction()
#10 [internal function]: Zend\Mvc\Controller\AbstractActionController->onDispatch(Object(Zend\Mvc\MvcEvent))
#11 D:\www\platform-admin\vendor\zendframework\zendframework\library\Zend\EventManager\EventManager.php(444): call_user_func(Array, Object(Zend\Mvc\MvcEvent))
#12 D:\www\platform-admin\vendor\zendframework\zendframework\library\Zend\EventManager\EventManager.php(205): Zend\EventManager\EventManager->triggerListeners('dispatch', Object(Zend\Mvc\MvcEvent), Object(Closure))
#13 D:\www\platform-admin\vendor\zendframework\zendframework\library\Zend\Mvc\Controller\AbstractController.php(118): Zend\EventManager\EventManager->trigger('dispatch', Object(Zend\Mvc\MvcEvent), Object(Closure))
#14 D:\www\platform-admin\vendor\zendframework\zendframework\library\Zend\Mvc\DispatchListener.php(93): Zend\Mvc\Controller\AbstractController->dispatch(Object(Zend\Http\PhpEnvironment\Request), Object(Zend\Http\PhpEnvironment\Response))
#15 [internal function]: Zend\Mvc\DispatchListener->onDispatch(Object(Zend\Mvc\MvcEvent))
#16 D:\www\platform-admin\vendor\zendframework\zendframework\library\Zend\EventManager\EventManager.php(444): call_user_func(Array, Object(Zend\Mvc\MvcEvent))
#17 D:\www\platform-admin\vendor\zendframework\zendframework\library\Zend\EventManager\EventManager.php(205): Zend\EventManager\EventManager->triggerListeners('dispatch', Object(Zend\Mvc\MvcEvent), Object(Closure))
#18 D:\www\platform-admin\vendor\zendframework\zendframework\library\Zend\Mvc\Application.php(314): Zend\EventManager\EventManager->trigger('dispatch', Object(Zend\Mvc\MvcEvent), Object(Closure))
#19 D:\www\platform-admin\public\index.php(12): Zend\Mvc\Application->run()
#20 {main}exception 'Zend\ServiceManager\Exception\ServiceNotCreatedException' with message 'While attempting to create adminauthenticationadapterpluginmanager(alias: Admin\AuthenticationAdapterPluginManager) an invalid factory was registered for this instance type.' in D:\www\platform-admin\vendor\zendframework\zendframework\library\Zend\ServiceManager\ServiceManager.php:1101
Stack trace:
#0 D:\www\platform-admin\vendor\zendframework\zendframework\library\Zend\ServiceManager\ServiceManager.php(638): Zend\ServiceManager\ServiceManager->createFromFactory('adminauthentica...', 'Admin\\Authentic...')
#1 D:\www\platform-admin\vendor\zendframework\zendframework\library\Zend\ServiceManager\ServiceManager.php(598): Zend\ServiceManager\ServiceManager->doCreate('Admin\\Authentic...', 'adminauthentica...')
#2 D:\www\platform-admin\vendor\zendframework\zendframework\library\Zend\ServiceManager\ServiceManager.php(530): Zend\ServiceManager\ServiceManager->create(Array)
#3 D:\www\platform-admin\module\Admin\src\Factory\AuthenticationServiceFactory.php(29): Zend\ServiceManager\ServiceManager->get('Admin\\Authentic...')
#4 [internal function]: Admin\Factory\AuthenticationServiceFactory->createService(Object(Zend\ServiceManager\ServiceManager), 'adminauthentica...', 'Admin\\Authentic...')
#5 D:\www\platform-admin\vendor\zendframework\zendframework\library\Zend\ServiceManager\ServiceManager.php(939): call_user_func(Array, Object(Zend\ServiceManager\ServiceManager), 'adminauthentica...', 'Admin\\Authentic...')
#6 D:\www\platform-admin\vendor\zendframework\zendframework\library\Zend\ServiceManager\ServiceManager.php(1097): Zend\ServiceManager\ServiceManager->createServiceViaCallback(Array, 'adminauthentica...', 'Admin\\Authentic...')
#7 D:\www\platform-admin\vendor\zendframework\zendframework\library\Zend\ServiceManager\ServiceManager.php(638): Zend\ServiceManager\ServiceManager->createFromFactory('adminauthentica...', 'Admin\\Authentic...')
#8 D:\www\platform-admin\vendor\zendframework\zendframework\library\Zend\ServiceManager\ServiceManager.php(598): Zend\ServiceManager\ServiceManager->doCreate('Admin\\Authentic...', 'adminauthentica...')
#9 D:\www\platform-admin\vendor\zendframework\zendframework\library\Zend\ServiceManager\ServiceManager.php(530): Zend\ServiceManager\ServiceManager->create(Array)
#10 D:\www\platform-admin\vendor\moln\gzfextra\src\Gzfextra\Mvc\Controller\Plugin\Get.php(19): Zend\ServiceManager\ServiceManager->get('Admin\\Authentic...', true)
#11 [internal function]: Gzfextra\Mvc\Controller\Plugin\Get->__invoke('Admin\\Authentic...')
#12 D:\www\platform-admin\vendor\zendframework\zendframework\library\Zend\Mvc\Controller\AbstractController.php(309): call_user_func_array(Object(Gzfextra\Mvc\Controller\Plugin\Get), Array)
#13 D:\www\platform-admin\module\Admin\src\Controller\AuthController.php(39): Zend\Mvc\Controller\AbstractController->__call('get', Array)
#14 D:\www\platform-admin\module\Admin\src\Controller\AuthController.php(39): Admin\Controller\AuthController->get('Admin\\Authentic...')
#15 D:\www\platform-admin\vendor\zendframework\zendframework\library\Zend\Mvc\Controller\AbstractActionController.php(82): Admin\Controller\AuthController->loginAction()
#16 [internal function]: Zend\Mvc\Controller\AbstractActionController->onDispatch(Object(Zend\Mvc\MvcEvent))
#17 D:\www\platform-admin\vendor\zendframework\zendframework\library\Zend\EventManager\EventManager.php(444): call_user_func(Array, Object(Zend\Mvc\MvcEvent))
#18 D:\www\platform-admin\vendor\zendframework\zendframework\library\Zend\EventManager\EventManager.php(205): Zend\EventManager\EventManager->triggerListeners('dispatch', Object(Zend\Mvc\MvcEvent), Object(Closure))
#19 D:\www\platform-admin\vendor\zendframework\zendframework\library\Zend\Mvc\Controller\AbstractController.php(118): Zend\EventManager\EventManager->trigger('dispatch', Object(Zend\Mvc\MvcEvent), Object(Closure))
#20 D:\www\platform-admin\vendor\zendframework\zendframework\library\Zend\Mvc\DispatchListener.php(93): Zend\Mvc\Controller\AbstractController->dispatch(Object(Zend\Http\PhpEnvironment\Request), Object(Zend\Http\PhpEnvironment\Response))
#21 [internal function]: Zend\Mvc\DispatchListener->onDispatch(Object(Zend\Mvc\MvcEvent))
#22 D:\www\platform-admin\vendor\zendframework\zendframework\library\Zend\EventManager\EventManager.php(444): call_user_func(Array, Object(Zend\Mvc\MvcEvent))
#23 D:\www\platform-admin\vendor\zendframework\zendframework\library\Zend\EventManager\EventManager.php(205): Zend\EventManager\EventManager->triggerListeners('dispatch', Object(Zend\Mvc\MvcEvent), Object(Closure))
#24 D:\www\platform-admin\vendor\zendframework\zendframework\library\Zend\Mvc\Application.php(314): Zend\EventManager\EventManager->trigger('dispatch', Object(Zend\Mvc\MvcEvent), Object(Closure))
#25 D:\www\platform-admin\public\index.php(12): Zend\Mvc\Application->run()
#26 {main}

Next exception 'Zend\ServiceManager\Exception\ServiceNotCreatedException' with message 'An exception was raised while creating "Admin\AuthenticationService"; no instance returned' in D:\www\platform-admin\vendor\zendframework\zendframework\library\Zend\ServiceManager\ServiceManager.php:946
Stack trace:
#0 D:\www\platform-admin\vendor\zendframework\zendframework\library\Zend\ServiceManager\ServiceManager.php(1097): Zend\ServiceManager\ServiceManager->createServiceViaCallback(Array, 'adminauthentica...', 'Admin\\Authentic...')
#1 D:\www\platform-admin\vendor\zendframework\zendframework\library\Zend\ServiceManager\ServiceManager.php(638): Zend\ServiceManager\ServiceManager->createFromFactory('adminauthentica...', 'Admin\\Authentic...')
#2 D:\www\platform-admin\vendor\zendframework\zendframework\library\Zend\ServiceManager\ServiceManager.php(598): Zend\ServiceManager\ServiceManager->doCreate('Admin\\Authentic...', 'adminauthentica...')
#3 D:\www\platform-admin\vendor\zendframework\zendframework\library\Zend\ServiceManager\ServiceManager.php(530): Zend\ServiceManager\ServiceManager->create(Array)
#4 D:\www\platform-admin\vendor\moln\gzfextra\src\Gzfextra\Mvc\Controller\Plugin\Get.php(19): Zend\ServiceManager\ServiceManager->get('Admin\\Authentic...', true)
#5 [internal function]: Gzfextra\Mvc\Controller\Plugin\Get->__invoke('Admin\\Authentic...')
#6 D:\www\platform-admin\vendor\zendframework\zendframework\library\Zend\Mvc\Controller\AbstractController.php(309): call_user_func_array(Object(Gzfextra\Mvc\Controller\Plugin\Get), Array)
#7 D:\www\platform-admin\module\Admin\src\Controller\AuthController.php(39): Zend\Mvc\Controller\AbstractController->__call('get', Array)
#8 D:\www\platform-admin\module\Admin\src\Controller\AuthController.php(39): Admin\Controller\AuthController->get('Admin\\Authentic...')
#9 D:\www\platform-admin\vendor\zendframework\zendframework\library\Zend\Mvc\Controller\AbstractActionController.php(82): Admin\Controller\AuthController->loginAction()
#10 [internal function]: Zend\Mvc\Controller\AbstractActionController->onDispatch(Object(Zend\Mvc\MvcEvent))
#11 D:\www\platform-admin\vendor\zendframework\zendframework\library\Zend\EventManager\EventManager.php(444): call_user_func(Array, Object(Zend\Mvc\MvcEvent))
#12 D:\www\platform-admin\vendor\zendframework\zendframework\library\Zend\EventManager\EventManager.php(205): Zend\EventManager\EventManager->triggerListeners('dispatch', Object(Zend\Mvc\MvcEvent), Object(Closure))
#13 D:\www\platform-admin\vendor\zendframework\zendframework\library\Zend\Mvc\Controller\AbstractController.php(118): Zend\EventManager\EventManager->trigger('dispatch', Object(Zend\Mvc\MvcEvent), Object(Closure))
#14 D:\www\platform-admin\vendor\zendframework\zendframework\library\Zend\Mvc\DispatchListener.php(93): Zend\Mvc\Controller\AbstractController->dispatch(Object(Zend\Http\PhpEnvironment\Request), Object(Zend\Http\PhpEnvironment\Response))
#15 [internal function]: Zend\Mvc\DispatchListener->onDispatch(Object(Zend\Mvc\MvcEvent))
#16 D:\www\platform-admin\vendor\zendframework\zendframework\library\Zend\EventManager\EventManager.php(444): call_user_func(Array, Object(Zend\Mvc\MvcEvent))
#17 D:\www\platform-admin\vendor\zendframework\zendframework\library\Zend\EventManager\EventManager.php(205): Zend\EventManager\EventManager->triggerListeners('dispatch', Object(Zend\Mvc\MvcEvent), Object(Closure))
#18 D:\www\platform-admin\vendor\zendframework\zendframework\library\Zend\Mvc\Application.php(314): Zend\EventManager\EventManager->trigger('dispatch', Object(Zend\Mvc\MvcEvent), Object(Closure))
#19 D:\www\platform-admin\public\index.php(12): Zend\Mvc\Application->run()
#20 {main}exception 'Zend\ServiceManager\Exception\ServiceNotCreatedException' with message 'While attempting to create adminauthenticationadapterpluginmanager(alias: Admin\AuthenticationAdapterPluginManager) an invalid factory was registered for this instance type.' in D:\www\platform-admin\vendor\zendframework\zendframework\library\Zend\ServiceManager\ServiceManager.php:1101
Stack trace:
#0 D:\www\platform-admin\vendor\zendframework\zendframework\library\Zend\ServiceManager\ServiceManager.php(638): Zend\ServiceManager\ServiceManager->createFromFactory('adminauthentica...', 'Admin\\Authentic...')
#1 D:\www\platform-admin\vendor\zendframework\zendframework\library\Zend\ServiceManager\ServiceManager.php(598): Zend\ServiceManager\ServiceManager->doCreate('Admin\\Authentic...', 'adminauthentica...')
#2 D:\www\platform-admin\vendor\zendframework\zendframework\library\Zend\ServiceManager\ServiceManager.php(530): Zend\ServiceManager\ServiceManager->create(Array)
#3 D:\www\platform-admin\module\Admin\src\Factory\AuthenticationServiceFactory.php(29): Zend\ServiceManager\ServiceManager->get('Admin\\Authentic...')
#4 [internal function]: Admin\Factory\AuthenticationServiceFactory->createService(Object(Zend\ServiceManager\ServiceManager), 'adminauthentica...', 'Admin\\Authentic...')
#5 D:\www\platform-admin\vendor\zendframework\zendframework\library\Zend\ServiceManager\ServiceManager.php(939): call_user_func(Array, Object(Zend\ServiceManager\ServiceManager), 'adminauthentica...', 'Admin\\Authentic...')
#6 D:\www\platform-admin\vendor\zendframework\zendframework\library\Zend\ServiceManager\ServiceManager.php(1097): Zend\ServiceManager\ServiceManager->createServiceViaCallback(Array, 'adminauthentica...', 'Admin\\Authentic...')
#7 D:\www\platform-admin\vendor\zendframework\zendframework\library\Zend\ServiceManager\ServiceManager.php(638): Zend\ServiceManager\ServiceManager->createFromFactory('adminauthentica...', 'Admin\\Authentic...')
#8 D:\www\platform-admin\vendor\zendframework\zendframework\library\Zend\ServiceManager\ServiceManager.php(598): Zend\ServiceManager\ServiceManager->doCreate('Admin\\Authentic...', 'adminauthentica...')
#9 D:\www\platform-admin\vendor\zendframework\zendframework\library\Zend\ServiceManager\ServiceManager.php(530): Zend\ServiceManager\ServiceManager->create(Array)
#10 D:\www\platform-admin\vendor\moln\gzfextra\src\Gzfextra\Mvc\Controller\Plugin\Get.php(19): Zend\ServiceManager\ServiceManager->get('Admin\\Authentic...', true)
#11 [internal function]: Gzfextra\Mvc\Controller\Plugin\Get->__invoke('Admin\\Authentic...')
#12 D:\www\platform-admin\vendor\zendframework\zendframework\library\Zend\Mvc\Controller\AbstractController.php(309): call_user_func_array(Object(Gzfextra\Mvc\Controller\Plugin\Get), Array)
#13 D:\www\platform-admin\module\Admin\src\Controller\AuthController.php(39): Zend\Mvc\Controller\AbstractController->__call('get', Array)
#14 D:\www\platform-admin\module\Admin\src\Controller\AuthController.php(39): Admin\Controller\AuthController->get('Admin\\Authentic...')
#15 D:\www\platform-admin\vendor\zendframework\zendframework\library\Zend\Mvc\Controller\AbstractActionController.php(82): Admin\Controller\AuthController->loginAction()
#16 [internal function]: Zend\Mvc\Controller\AbstractActionController->onDispatch(Object(Zend\Mvc\MvcEvent))
#17 D:\www\platform-admin\vendor\zendframework\zendframework\library\Zend\EventManager\EventManager.php(444): call_user_func(Array, Object(Zend\Mvc\MvcEvent))
#18 D:\www\platform-admin\vendor\zendframework\zendframework\library\Zend\EventManager\EventManager.php(205): Zend\EventManager\EventManager->triggerListeners('dispatch', Object(Zend\Mvc\MvcEvent), Object(Closure))
#19 D:\www\platform-admin\vendor\zendframework\zendframework\library\Zend\Mvc\Controller\AbstractController.php(118): Zend\EventManager\EventManager->trigger('dispatch', Object(Zend\Mvc\MvcEvent), Object(Closure))
#20 D:\www\platform-admin\vendor\zendframework\zendframework\library\Zend\Mvc\DispatchListener.php(93): Zend\Mvc\Controller\AbstractController->dispatch(Object(Zend\Http\PhpEnvironment\Request), Object(Zend\Http\PhpEnvironment\Response))
#21 [internal function]: Zend\Mvc\DispatchListener->onDispatch(Object(Zend\Mvc\MvcEvent))
#22 D:\www\platform-admin\vendor\zendframework\zendframework\library\Zend\EventManager\EventManager.php(444): call_user_func(Array, Object(Zend\Mvc\MvcEvent))
#23 D:\www\platform-admin\vendor\zendframework\zendframework\library\Zend\EventManager\EventManager.php(205): Zend\EventManager\EventManager->triggerListeners('dispatch', Object(Zend\Mvc\MvcEvent), Object(Closure))
#24 D:\www\platform-admin\vendor\zendframework\zendframework\library\Zend\Mvc\Application.php(314): Zend\EventManager\EventManager->trigger('dispatch', Object(Zend\Mvc\MvcEvent), Object(Closure))
#25 D:\www\platform-admin\public\index.php(12): Zend\Mvc\Application->run()
#26 {main}

Next exception 'Zend\ServiceManager\Exception\ServiceNotCreatedException' with message 'An exception was raised while creating "Admin\AuthenticationService"; no instance returned' in D:\www\platform-admin\vendor\zendframework\zendframework\library\Zend\ServiceManager\ServiceManager.php:946
Stack trace:
#0 D:\www\platform-admin\vendor\zendframework\zendframework\library\Zend\ServiceManager\ServiceManager.php(1097): Zend\ServiceManager\ServiceManager->createServiceViaCallback(Array, 'adminauthentica...', 'Admin\\Authentic...')
#1 D:\www\platform-admin\vendor\zendframework\zendframework\library\Zend\ServiceManager\ServiceManager.php(638): Zend\ServiceManager\ServiceManager->createFromFactory('adminauthentica...', 'Admin\\Authentic...')
#2 D:\www\platform-admin\vendor\zendframework\zendframework\library\Zend\ServiceManager\ServiceManager.php(598): Zend\ServiceManager\ServiceManager->doCreate('Admin\\Authentic...', 'adminauthentica...')
#3 D:\www\platform-admin\vendor\zendframework\zendframework\library\Zend\ServiceManager\ServiceManager.php(530): Zend\ServiceManager\ServiceManager->create(Array)
#4 D:\www\platform-admin\vendor\moln\gzfextra\src\Gzfextra\Mvc\Controller\Plugin\Get.php(19): Zend\ServiceManager\ServiceManager->get('Admin\\Authentic...', true)
#5 [internal function]: Gzfextra\Mvc\Controller\Plugin\Get->__invoke('Admin\\Authentic...')
#6 D:\www\platform-admin\vendor\zendframework\zendframework\library\Zend\Mvc\Controller\AbstractController.php(309): call_user_func_array(Object(Gzfextra\Mvc\Controller\Plugin\Get), Array)
#7 D:\www\platform-admin\module\Admin\src\Controller\AuthController.php(39): Zend\Mvc\Controller\AbstractController->__call('get', Array)
#8 D:\www\platform-admin\module\Admin\src\Controller\AuthController.php(39): Admin\Controller\AuthController->get('Admin\\Authentic...')
#9 D:\www\platform-admin\vendor\zendframework\zendframework\library\Zend\Mvc\Controller\AbstractActionController.php(82): Admin\Controller\AuthController->loginAction()
#10 [internal function]: Zend\Mvc\Controller\AbstractActionController->onDispatch(Object(Zend\Mvc\MvcEvent))
#11 D:\www\platform-admin\vendor\zendframework\zendframework\library\Zend\EventManager\EventManager.php(444): call_user_func(Array, Object(Zend\Mvc\MvcEvent))
#12 D:\www\platform-admin\vendor\zendframework\zendframework\library\Zend\EventManager\EventManager.php(205): Zend\EventManager\EventManager->triggerListeners('dispatch', Object(Zend\Mvc\MvcEvent), Object(Closure))
#13 D:\www\platform-admin\vendor\zendframework\zendframework\library\Zend\Mvc\Controller\AbstractController.php(118): Zend\EventManager\EventManager->trigger('dispatch', Object(Zend\Mvc\MvcEvent), Object(Closure))
#14 D:\www\platform-admin\vendor\zendframework\zendframework\library\Zend\Mvc\DispatchListener.php(93): Zend\Mvc\Controller\AbstractController->dispatch(Object(Zend\Http\PhpEnvironment\Request), Object(Zend\Http\PhpEnvironment\Response))
#15 [internal function]: Zend\Mvc\DispatchListener->onDispatch(Object(Zend\Mvc\MvcEvent))
#16 D:\www\platform-admin\vendor\zendframework\zendframework\library\Zend\EventManager\EventManager.php(444): call_user_func(Array, Object(Zend\Mvc\MvcEvent))
#17 D:\www\platform-admin\vendor\zendframework\zendframework\library\Zend\EventManager\EventManager.php(205): Zend\EventManager\EventManager->triggerListeners('dispatch', Object(Zend\Mvc\MvcEvent), Object(Closure))
#18 D:\www\platform-admin\vendor\zendframework\zendframework\library\Zend\Mvc\Application.php(314): Zend\EventManager\EventManager->trigger('dispatch', Object(Zend\Mvc\MvcEvent), Object(Closure))
#19 D:\www\platform-admin\public\index.php(12): Zend\Mvc\Application->run()
#20 {main}exception 'Zend\ServiceManager\Exception\ServiceNotCreatedException' with message 'While attempting to create adminauthenticationadapterpluginmanager(alias: Admin\AuthenticationAdapterPluginManager) an invalid factory was registered for this instance type.' in D:\www\platform-admin\vendor\zendframework\zendframework\library\Zend\ServiceManager\ServiceManager.php:1101
Stack trace:
#0 D:\www\platform-admin\vendor\zendframework\zendframework\library\Zend\ServiceManager\ServiceManager.php(638): Zend\ServiceManager\ServiceManager->createFromFactory('adminauthentica...', 'Admin\\Authentic...')
#1 D:\www\platform-admin\vendor\zendframework\zendframework\library\Zend\ServiceManager\ServiceManager.php(598): Zend\ServiceManager\ServiceManager->doCreate('Admin\\Authentic...', 'adminauthentica...')
#2 D:\www\platform-admin\vendor\zendframework\zendframework\library\Zend\ServiceManager\ServiceManager.php(530): Zend\ServiceManager\ServiceManager->create(Array)
#3 D:\www\platform-admin\module\Admin\src\Factory\AuthenticationServiceFactory.php(29): Zend\ServiceManager\ServiceManager->get('Admin\\Authentic...')
#4 [internal function]: Admin\Factory\AuthenticationServiceFactory->createService(Object(Zend\ServiceManager\ServiceManager), 'adminauthentica...', 'Admin\\Authentic...')
#5 D:\www\platform-admin\vendor\zendframework\zendframework\library\Zend\ServiceManager\ServiceManager.php(939): call_user_func(Array, Object(Zend\ServiceManager\ServiceManager), 'adminauthentica...', 'Admin\\Authentic...')
#6 D:\www\platform-admin\vendor\zendframework\zendframework\library\Zend\ServiceManager\ServiceManager.php(1097): Zend\ServiceManager\ServiceManager->createServiceViaCallback(Array, 'adminauthentica...', 'Admin\\Authentic...')
#7 D:\www\platform-admin\vendor\zendframework\zendframework\library\Zend\ServiceManager\ServiceManager.php(638): Zend\ServiceManager\ServiceManager->createFromFactory('adminauthentica...', 'Admin\\Authentic...')
#8 D:\www\platform-admin\vendor\zendframework\zendframework\library\Zend\ServiceManager\ServiceManager.php(598): Zend\ServiceManager\ServiceManager->doCreate('Admin\\Authentic...', 'adminauthentica...')
#9 D:\www\platform-admin\vendor\zendframework\zendframework\library\Zend\ServiceManager\ServiceManager.php(530): Zend\ServiceManager\ServiceManager->create(Array)
#10 D:\www\platform-admin\vendor\moln\gzfextra\src\Gzfextra\Mvc\Controller\Plugin\Get.php(19): Zend\ServiceManager\ServiceManager->get('Admin\\Authentic...', true)
#11 [internal function]: Gzfextra\Mvc\Controller\Plugin\Get->__invoke('Admin\\Authentic...')
#12 D:\www\platform-admin\vendor\zendframework\zendframework\library\Zend\Mvc\Controller\AbstractController.php(309): call_user_func_array(Object(Gzfextra\Mvc\Controller\Plugin\Get), Array)
#13 D:\www\platform-admin\module\Admin\src\Controller\AuthController.php(39): Zend\Mvc\Controller\AbstractController->__call('get', Array)
#14 D:\www\platform-admin\module\Admin\src\Controller\AuthController.php(39): Admin\Controller\AuthController->get('Admin\\Authentic...')
#15 D:\www\platform-admin\vendor\zendframework\zendframework\library\Zend\Mvc\Controller\AbstractActionController.php(82): Admin\Controller\AuthController->loginAction()
#16 [internal function]: Zend\Mvc\Controller\AbstractActionController->onDispatch(Object(Zend\Mvc\MvcEvent))
#17 D:\www\platform-admin\vendor\zendframework\zendframework\library\Zend\EventManager\EventManager.php(444): call_user_func(Array, Object(Zend\Mvc\MvcEvent))
#18 D:\www\platform-admin\vendor\zendframework\zendframework\library\Zend\EventManager\EventManager.php(205): Zend\EventManager\EventManager->triggerListeners('dispatch', Object(Zend\Mvc\MvcEvent), Object(Closure))
#19 D:\www\platform-admin\vendor\zendframework\zendframework\library\Zend\Mvc\Controller\AbstractController.php(118): Zend\EventManager\EventManager->trigger('dispatch', Object(Zend\Mvc\MvcEvent), Object(Closure))
#20 D:\www\platform-admin\vendor\zendframework\zendframework\library\Zend\Mvc\DispatchListener.php(93): Zend\Mvc\Controller\AbstractController->dispatch(Object(Zend\Http\PhpEnvironment\Request), Object(Zend\Http\PhpEnvironment\Response))
#21 [internal function]: Zend\Mvc\DispatchListener->onDispatch(Object(Zend\Mvc\MvcEvent))
#22 D:\www\platform-admin\vendor\zendframework\zendframework\library\Zend\EventManager\EventManager.php(444): call_user_func(Array, Object(Zend\Mvc\MvcEvent))
#23 D:\www\platform-admin\vendor\zendframework\zendframework\library\Zend\EventManager\EventManager.php(205): Zend\EventManager\EventManager->triggerListeners('dispatch', Object(Zend\Mvc\MvcEvent), Object(Closure))
#24 D:\www\platform-admin\vendor\zendframework\zendframework\library\Zend\Mvc\Application.php(314): Zend\EventManager\EventManager->trigger('dispatch', Object(Zend\Mvc\MvcEvent), Object(Closure))
#25 D:\www\platform-admin\public\index.php(12): Zend\Mvc\Application->run()
#26 {main}

Next exception 'Zend\ServiceManager\Exception\ServiceNotCreatedException' with message 'An exception was raised while creating "Admin\AuthenticationService"; no instance returned' in D:\www\platform-admin\vendor\zendframework\zendframework\library\Zend\ServiceManager\ServiceManager.php:946
Stack trace:
#0 D:\www\platform-admin\vendor\zendframework\zendframework\library\Zend\ServiceManager\ServiceManager.php(1097): Zend\ServiceManager\ServiceManager->createServiceViaCallback(Array, 'adminauthentica...', 'Admin\\Authentic...')
#1 D:\www\platform-admin\vendor\zendframework\zendframework\library\Zend\ServiceManager\ServiceManager.php(638): Zend\ServiceManager\ServiceManager->createFromFactory('adminauthentica...', 'Admin\\Authentic...')
#2 D:\www\platform-admin\vendor\zendframework\zendframework\library\Zend\ServiceManager\ServiceManager.php(598): Zend\ServiceManager\ServiceManager->doCreate('Admin\\Authentic...', 'adminauthentica...')
#3 D:\www\platform-admin\vendor\zendframework\zendframework\library\Zend\ServiceManager\ServiceManager.php(530): Zend\ServiceManager\ServiceManager->create(Array)
#4 D:\www\platform-admin\vendor\moln\gzfextra\src\Gzfextra\Mvc\Controller\Plugin\Get.php(19): Zend\ServiceManager\ServiceManager->get('Admin\\Authentic...', true)
#5 [internal function]: Gzfextra\Mvc\Controller\Plugin\Get->__invoke('Admin\\Authentic...')
#6 D:\www\platform-admin\vendor\zendframework\zendframework\library\Zend\Mvc\Controller\AbstractController.php(309): call_user_func_array(Object(Gzfextra\Mvc\Controller\Plugin\Get), Array)
#7 D:\www\platform-admin\module\Admin\src\Controller\AuthController.php(39): Zend\Mvc\Controller\AbstractController->__call('get', Array)
#8 D:\www\platform-admin\module\Admin\src\Controller\AuthController.php(39): Admin\Controller\AuthController->get('Admin\\Authentic...')
#9 D:\www\platform-admin\vendor\zendframework\zendframework\library\Zend\Mvc\Controller\AbstractActionController.php(82): Admin\Controller\AuthController->loginAction()
#10 [internal function]: Zend\Mvc\Controller\AbstractActionController->onDispatch(Object(Zend\Mvc\MvcEvent))
#11 D:\www\platform-admin\vendor\zendframework\zendframework\library\Zend\EventManager\EventManager.php(444): call_user_func(Array, Object(Zend\Mvc\MvcEvent))
#12 D:\www\platform-admin\vendor\zendframework\zendframework\library\Zend\EventManager\EventManager.php(205): Zend\EventManager\EventManager->triggerListeners('dispatch', Object(Zend\Mvc\MvcEvent), Object(Closure))
#13 D:\www\platform-admin\vendor\zendframework\zendframework\library\Zend\Mvc\Controller\AbstractController.php(118): Zend\EventManager\EventManager->trigger('dispatch', Object(Zend\Mvc\MvcEvent), Object(Closure))
#14 D:\www\platform-admin\vendor\zendframework\zendframework\library\Zend\Mvc\DispatchListener.php(93): Zend\Mvc\Controller\AbstractController->dispatch(Object(Zend\Http\PhpEnvironment\Request), Object(Zend\Http\PhpEnvironment\Response))
#15 [internal function]: Zend\Mvc\DispatchListener->onDispatch(Object(Zend\Mvc\MvcEvent))
#16 D:\www\platform-admin\vendor\zendframework\zendframework\library\Zend\EventManager\EventManager.php(444): call_user_func(Array, Object(Zend\Mvc\MvcEvent))
#17 D:\www\platform-admin\vendor\zendframework\zendframework\library\Zend\EventManager\EventManager.php(205): Zend\EventManager\EventManager->triggerListeners('dispatch', Object(Zend\Mvc\MvcEvent), Object(Closure))
#18 D:\www\platform-admin\vendor\zendframework\zendframework\library\Zend\Mvc\Application.php(314): Zend\EventManager\EventManager->trigger('dispatch', Object(Zend\Mvc\MvcEvent), Object(Closure))
#19 D:\www\platform-admin\public\index.php(12): Zend\Mvc\Application->run()
#20 {main}exception 'Zend\ServiceManager\Exception\ServiceNotFoundException' with message 'Admin\Authentication\AuthenticationAdapterPluginManager::get was unable to fetch or create an instance for DbTable' in D:\www\platform-admin\vendor\zendframework\zendframework\library\Zend\ServiceManager\ServiceManager.php:555
Stack trace:
#0 D:\www\platform-admin\vendor\zendframework\zendframework\library\Zend\ServiceManager\AbstractPluginManager.php(116): Zend\ServiceManager\ServiceManager->get('DbTable', true)
#1 D:\www\platform-admin\module\Admin\src\Factory\AuthenticationServiceFactory.php(33): Zend\ServiceManager\AbstractPluginManager->get('DbTable', Array)
#2 [internal function]: Admin\Factory\AuthenticationServiceFactory->createService(Object(Zend\ServiceManager\ServiceManager), 'adminauthentica...', 'Admin\\Authentic...')
#3 D:\www\platform-admin\vendor\zendframework\zendframework\library\Zend\ServiceManager\ServiceManager.php(939): call_user_func(Array, Object(Zend\ServiceManager\ServiceManager), 'adminauthentica...', 'Admin\\Authentic...')
#4 D:\www\platform-admin\vendor\zendframework\zendframework\library\Zend\ServiceManager\ServiceManager.php(1097): Zend\ServiceManager\ServiceManager->createServiceViaCallback(Array, 'adminauthentica...', 'Admin\\Authentic...')
#5 D:\www\platform-admin\vendor\zendframework\zendframework\library\Zend\ServiceManager\ServiceManager.php(638): Zend\ServiceManager\ServiceManager->createFromFactory('adminauthentica...', 'Admin\\Authentic...')
#6 D:\www\platform-admin\vendor\zendframework\zendframework\library\Zend\ServiceManager\ServiceManager.php(598): Zend\ServiceManager\ServiceManager->doCreate('Admin\\Authentic...', 'adminauthentica...')
#7 D:\www\platform-admin\vendor\zendframework\zendframework\library\Zend\ServiceManager\ServiceManager.php(530): Zend\ServiceManager\ServiceManager->create(Array)
#8 D:\www\platform-admin\vendor\moln\gzfextra\src\Gzfextra\Mvc\Controller\Plugin\Get.php(19): Zend\ServiceManager\ServiceManager->get('Admin\\Authentic...', true)
#9 [internal function]: Gzfextra\Mvc\Controller\Plugin\Get->__invoke('Admin\\Authentic...')
#10 D:\www\platform-admin\vendor\zendframework\zendframework\library\Zend\Mvc\Controller\AbstractController.php(309): call_user_func_array(Object(Gzfextra\Mvc\Controller\Plugin\Get), Array)
#11 D:\www\platform-admin\module\Admin\src\Controller\AuthController.php(39): Zend\Mvc\Controller\AbstractController->__call('get', Array)
#12 D:\www\platform-admin\module\Admin\src\Controller\AuthController.php(39): Admin\Controller\AuthController->get('Admin\\Authentic...')
#13 D:\www\platform-admin\vendor\zendframework\zendframework\library\Zend\Mvc\Controller\AbstractActionController.php(82): Admin\Controller\AuthController->loginAction()
#14 [internal function]: Zend\Mvc\Controller\AbstractActionController->onDispatch(Object(Zend\Mvc\MvcEvent))
#15 D:\www\platform-admin\vendor\zendframework\zendframework\library\Zend\EventManager\EventManager.php(444): call_user_func(Array, Object(Zend\Mvc\MvcEvent))
#16 D:\www\platform-admin\vendor\zendframework\zendframework\library\Zend\EventManager\EventManager.php(205): Zend\EventManager\EventManager->triggerListeners('dispatch', Object(Zend\Mvc\MvcEvent), Object(Closure))
#17 D:\www\platform-admin\vendor\zendframework\zendframework\library\Zend\Mvc\Controller\AbstractController.php(118): Zend\EventManager\EventManager->trigger('dispatch', Object(Zend\Mvc\MvcEvent), Object(Closure))
#18 D:\www\platform-admin\vendor\zendframework\zendframework\library\Zend\Mvc\DispatchListener.php(93): Zend\Mvc\Controller\AbstractController->dispatch(Object(Zend\Http\PhpEnvironment\Request), Object(Zend\Http\PhpEnvironment\Response))
#19 [internal function]: Zend\Mvc\DispatchListener->onDispatch(Object(Zend\Mvc\MvcEvent))
#20 D:\www\platform-admin\vendor\zendframework\zendframework\library\Zend\EventManager\EventManager.php(444): call_user_func(Array, Object(Zend\Mvc\MvcEvent))
#21 D:\www\platform-admin\vendor\zendframework\zendframework\library\Zend\EventManager\EventManager.php(205): Zend\EventManager\EventManager->triggerListeners('dispatch', Object(Zend\Mvc\MvcEvent), Object(Closure))
#22 D:\www\platform-admin\vendor\zendframework\zendframework\library\Zend\Mvc\Application.php(314): Zend\EventManager\EventManager->trigger('dispatch', Object(Zend\Mvc\MvcEvent), Object(Closure))
#23 D:\www\platform-admin\public\index.php(12): Zend\Mvc\Application->run()
#24 {main}exception 'Zend\ServiceManager\Exception\ServiceNotFoundException' with message 'Admin\Authentication\AuthenticationAdapterPluginManager::get was unable to fetch or create an instance for DbTable' in D:\www\platform-admin\vendor\zendframework\zendframework\library\Zend\ServiceManager\ServiceManager.php:555
Stack trace:
#0 D:\www\platform-admin\vendor\zendframework\zendframework\library\Zend\ServiceManager\AbstractPluginManager.php(116): Zend\ServiceManager\ServiceManager->get('DbTable', true)
#1 D:\www\platform-admin\module\Admin\src\Factory\AuthenticationServiceFactory.php(31): Zend\ServiceManager\AbstractPluginManager->get('DbTable')
#2 [internal function]: Admin\Factory\AuthenticationServiceFactory->createService(Object(Zend\ServiceManager\ServiceManager), 'adminauthentica...', 'Admin\\Authentic...')
#3 D:\www\platform-admin\vendor\zendframework\zendframework\library\Zend\ServiceManager\ServiceManager.php(939): call_user_func(Array, Object(Zend\ServiceManager\ServiceManager), 'adminauthentica...', 'Admin\\Authentic...')
#4 D:\www\platform-admin\vendor\zendframework\zendframework\library\Zend\ServiceManager\ServiceManager.php(1097): Zend\ServiceManager\ServiceManager->createServiceViaCallback(Array, 'adminauthentica...', 'Admin\\Authentic...')
#5 D:\www\platform-admin\vendor\zendframework\zendframework\library\Zend\ServiceManager\ServiceManager.php(638): Zend\ServiceManager\ServiceManager->createFromFactory('adminauthentica...', 'Admin\\Authentic...')
#6 D:\www\platform-admin\vendor\zendframework\zendframework\library\Zend\ServiceManager\ServiceManager.php(598): Zend\ServiceManager\ServiceManager->doCreate('Admin\\Authentic...', 'adminauthentica...')
#7 D:\www\platform-admin\vendor\zendframework\zendframework\library\Zend\ServiceManager\ServiceManager.php(530): Zend\ServiceManager\ServiceManager->create(Array)
#8 D:\www\platform-admin\vendor\moln\gzfextra\src\Gzfextra\Mvc\Controller\Plugin\Get.php(19): Zend\ServiceManager\ServiceManager->get('Admin\\Authentic...', true)
#9 [internal function]: Gzfextra\Mvc\Controller\Plugin\Get->__invoke('Admin\\Authentic...')
#10 D:\www\platform-admin\vendor\zendframework\zendframework\library\Zend\Mvc\Controller\AbstractController.php(309): call_user_func_array(Object(Gzfextra\Mvc\Controller\Plugin\Get), Array)
#11 D:\www\platform-admin\module\Admin\src\Controller\AuthController.php(39): Zend\Mvc\Controller\AbstractController->__call('get', Array)
#12 D:\www\platform-admin\module\Admin\src\Controller\AuthController.php(39): Admin\Controller\AuthController->get('Admin\\Authentic...')
#13 D:\www\platform-admin\vendor\zendframework\zendframework\library\Zend\Mvc\Controller\AbstractActionController.php(82): Admin\Controller\AuthController->loginAction()
#14 [internal function]: Zend\Mvc\Controller\AbstractActionController->onDispatch(Object(Zend\Mvc\MvcEvent))
#15 D:\www\platform-admin\vendor\zendframework\zendframework\library\Zend\EventManager\EventManager.php(444): call_user_func(Array, Object(Zend\Mvc\MvcEvent))
#16 D:\www\platform-admin\vendor\zendframework\zendframework\library\Zend\EventManager\EventManager.php(205): Zend\EventManager\EventManager->triggerListeners('dispatch', Object(Zend\Mvc\MvcEvent), Object(Closure))
#17 D:\www\platform-admin\vendor\zendframework\zendframework\library\Zend\Mvc\Controller\AbstractController.php(118): Zend\EventManager\EventManager->trigger('dispatch', Object(Zend\Mvc\MvcEvent), Object(Closure))
#18 D:\www\platform-admin\vendor\zendframework\zendframework\library\Zend\Mvc\DispatchListener.php(93): Zend\Mvc\Controller\AbstractController->dispatch(Object(Zend\Http\PhpEnvironment\Request), Object(Zend\Http\PhpEnvironment\Response))
#19 [internal function]: Zend\Mvc\DispatchListener->onDispatch(Object(Zend\Mvc\MvcEvent))
#20 D:\www\platform-admin\vendor\zendframework\zendframework\library\Zend\EventManager\EventManager.php(444): call_user_func(Array, Object(Zend\Mvc\MvcEvent))
#21 D:\www\platform-admin\vendor\zendframework\zendframework\library\Zend\EventManager\EventManager.php(205): Zend\EventManager\EventManager->triggerListeners('dispatch', Object(Zend\Mvc\MvcEvent), Object(Closure))
#22 D:\www\platform-admin\vendor\zendframework\zendframework\library\Zend\Mvc\Application.php(314): Zend\EventManager\EventManager->trigger('dispatch', Object(Zend\Mvc\MvcEvent), Object(Closure))
#23 D:\www\platform-admin\public\index.php(12): Zend\Mvc\Application->run()
#24 {main}exception 'Zend\ServiceManager\Exception\ServiceNotFoundException' with message 'Admin\Authentication\AuthenticationAdapterPluginManager::get was unable to fetch or create an instance for DbTable' in D:\www\platform-admin\vendor\zendframework\zendframework\library\Zend\ServiceManager\ServiceManager.php:555
Stack trace:
#0 D:\www\platform-admin\vendor\zendframework\zendframework\library\Zend\ServiceManager\AbstractPluginManager.php(116): Zend\ServiceManager\ServiceManager->get('DbTable', true)
#1 D:\www\platform-admin\module\Admin\src\Factory\AuthenticationServiceFactory.php(32): Zend\ServiceManager\AbstractPluginManager->get('DbTable')
#2 [internal function]: Admin\Factory\AuthenticationServiceFactory->createService(Object(Zend\ServiceManager\ServiceManager), 'adminauthentica...', 'Admin\\Authentic...')
#3 D:\www\platform-admin\vendor\zendframework\zendframework\library\Zend\ServiceManager\ServiceManager.php(939): call_user_func(Array, Object(Zend\ServiceManager\ServiceManager), 'adminauthentica...', 'Admin\\Authentic...')
#4 D:\www\platform-admin\vendor\zendframework\zendframework\library\Zend\ServiceManager\ServiceManager.php(1097): Zend\ServiceManager\ServiceManager->createServiceViaCallback(Array, 'adminauthentica...', 'Admin\\Authentic...')
#5 D:\www\platform-admin\vendor\zendframework\zendframework\library\Zend\ServiceManager\ServiceManager.php(638): Zend\ServiceManager\ServiceManager->createFromFactory('adminauthentica...', 'Admin\\Authentic...')
#6 D:\www\platform-admin\vendor\zendframework\zendframework\library\Zend\ServiceManager\ServiceManager.php(598): Zend\ServiceManager\ServiceManager->doCreate('Admin\\Authentic...', 'adminauthentica...')
#7 D:\www\platform-admin\vendor\zendframework\zendframework\library\Zend\ServiceManager\ServiceManager.php(530): Zend\ServiceManager\ServiceManager->create(Array)
#8 D:\www\platform-admin\vendor\moln\gzfextra\src\Gzfextra\Mvc\Controller\Plugin\Get.php(19): Zend\ServiceManager\ServiceManager->get('Admin\\Authentic...', true)
#9 [internal function]: Gzfextra\Mvc\Controller\Plugin\Get->__invoke('Admin\\Authentic...')
#10 D:\www\platform-admin\vendor\zendframework\zendframework\library\Zend\Mvc\Controller\AbstractController.php(309): call_user_func_array(Object(Gzfextra\Mvc\Controller\Plugin\Get), Array)
#11 D:\www\platform-admin\module\Admin\src\Controller\AuthController.php(39): Zend\Mvc\Controller\AbstractController->__call('get', Array)
#12 D:\www\platform-admin\module\Admin\src\Controller\AuthController.php(39): Admin\Controller\AuthController->get('Admin\\Authentic...')
#13 D:\www\platform-admin\vendor\zendframework\zendframework\library\Zend\Mvc\Controller\AbstractActionController.php(82): Admin\Controller\AuthController->loginAction()
#14 [internal function]: Zend\Mvc\Controller\AbstractActionController->onDispatch(Object(Zend\Mvc\MvcEvent))
#15 D:\www\platform-admin\vendor\zendframework\zendframework\library\Zend\EventManager\EventManager.php(444): call_user_func(Array, Object(Zend\Mvc\MvcEvent))
#16 D:\www\platform-admin\vendor\zendframework\zendframework\library\Zend\EventManager\EventManager.php(205): Zend\EventManager\EventManager->triggerListeners('dispatch', Object(Zend\Mvc\MvcEvent), Object(Closure))
#17 D:\www\platform-admin\vendor\zendframework\zendframework\library\Zend\Mvc\Controller\AbstractController.php(118): Zend\EventManager\EventManager->trigger('dispatch', Object(Zend\Mvc\MvcEvent), Object(Closure))
#18 D:\www\platform-admin\vendor\zendframework\zendframework\library\Zend\Mvc\DispatchListener.php(93): Zend\Mvc\Controller\AbstractController->dispatch(Object(Zend\Http\PhpEnvironment\Request), Object(Zend\Http\PhpEnvironment\Response))
#19 [internal function]: Zend\Mvc\DispatchListener->onDispatch(Object(Zend\Mvc\MvcEvent))
#20 D:\www\platform-admin\vendor\zendframework\zendframework\library\Zend\EventManager\EventManager.php(444): call_user_func(Array, Object(Zend\Mvc\MvcEvent))
#21 D:\www\platform-admin\vendor\zendframework\zendframework\library\Zend\EventManager\EventManager.php(205): Zend\EventManager\EventManager->triggerListeners('dispatch', Object(Zend\Mvc\MvcEvent), Object(Closure))
#22 D:\www\platform-admin\vendor\zendframework\zendframework\library\Zend\Mvc\Application.php(314): Zend\EventManager\EventManager->trigger('dispatch', Object(Zend\Mvc\MvcEvent), Object(Closure))
#23 D:\www\platform-admin\public\index.php(12): Zend\Mvc\Application->run()
#24 {main}exception 'RuntimeException' with message 'Error authentication adapter "Admin\Authentication\DbTable"' in D:\www\platform-admin\module\Admin\src\Authentication\AuthenticationAdapterPluginManager.php:39
Stack trace:
#0 D:\www\platform-admin\vendor\zendframework\zendframework\library\Zend\ServiceManager\AbstractPluginManager.php(126): Admin\Authentication\AuthenticationAdapterPluginManager->validatePlugin(Object(Admin\Authentication\DbTable))
#1 D:\www\platform-admin\module\Admin\src\Factory\AuthenticationServiceFactory.php(33): Zend\ServiceManager\AbstractPluginManager->get('DbTable', Array)
#2 [internal function]: Admin\Factory\AuthenticationServiceFactory->createService(Object(Zend\ServiceManager\ServiceManager), 'adminauthentica...', 'Admin\\Authentic...')
#3 D:\www\platform-admin\vendor\zendframework\zendframework\library\Zend\ServiceManager\ServiceManager.php(939): call_user_func(Array, Object(Zend\ServiceManager\ServiceManager), 'adminauthentica...', 'Admin\\Authentic...')
#4 D:\www\platform-admin\vendor\zendframework\zendframework\library\Zend\ServiceManager\ServiceManager.php(1097): Zend\ServiceManager\ServiceManager->createServiceViaCallback(Array, 'adminauthentica...', 'Admin\\Authentic...')
#5 D:\www\platform-admin\vendor\zendframework\zendframework\library\Zend\ServiceManager\ServiceManager.php(638): Zend\ServiceManager\ServiceManager->createFromFactory('adminauthentica...', 'Admin\\Authentic...')
#6 D:\www\platform-admin\vendor\zendframework\zendframework\library\Zend\ServiceManager\ServiceManager.php(598): Zend\ServiceManager\ServiceManager->doCreate('Admin\\Authentic...', 'adminauthentica...')
#7 D:\www\platform-admin\vendor\zendframework\zendframework\library\Zend\ServiceManager\ServiceManager.php(530): Zend\ServiceManager\ServiceManager->create(Array)
#8 D:\www\platform-admin\vendor\moln\gzfextra\src\Gzfextra\Mvc\Controller\Plugin\Get.php(19): Zend\ServiceManager\ServiceManager->get('Admin\\Authentic...', true)
#9 [internal function]: Gzfextra\Mvc\Controller\Plugin\Get->__invoke('Admin\\Authentic...')
#10 D:\www\platform-admin\vendor\zendframework\zendframework\library\Zend\Mvc\Controller\AbstractController.php(309): call_user_func_array(Object(Gzfextra\Mvc\Controller\Plugin\Get), Array)
#11 D:\www\platform-admin\module\Admin\src\Controller\AuthController.php(39): Zend\Mvc\Controller\AbstractController->__call('get', Array)
#12 D:\www\platform-admin\module\Admin\src\Controller\AuthController.php(39): Admin\Controller\AuthController->get('Admin\\Authentic...')
#13 D:\www\platform-admin\vendor\zendframework\zendframework\library\Zend\Mvc\Controller\AbstractActionController.php(82): Admin\Controller\AuthController->loginAction()
#14 [internal function]: Zend\Mvc\Controller\AbstractActionController->onDispatch(Object(Zend\Mvc\MvcEvent))
#15 D:\www\platform-admin\vendor\zendframework\zendframework\library\Zend\EventManager\EventManager.php(444): call_user_func(Array, Object(Zend\Mvc\MvcEvent))
#16 D:\www\platform-admin\vendor\zendframework\zendframework\library\Zend\EventManager\EventManager.php(205): Zend\EventManager\EventManager->triggerListeners('dispatch', Object(Zend\Mvc\MvcEvent), Object(Closure))
#17 D:\www\platform-admin\vendor\zendframework\zendframework\library\Zend\Mvc\Controller\AbstractController.php(118): Zend\EventManager\EventManager->trigger('dispatch', Object(Zend\Mvc\MvcEvent), Object(Closure))
#18 D:\www\platform-admin\vendor\zendframework\zendframework\library\Zend\Mvc\DispatchListener.php(93): Zend\Mvc\Controller\AbstractController->dispatch(Object(Zend\Http\PhpEnvironment\Request), Object(Zend\Http\PhpEnvironment\Response))
#19 [internal function]: Zend\Mvc\DispatchListener->onDispatch(Object(Zend\Mvc\MvcEvent))
#20 D:\www\platform-admin\vendor\zendframework\zendframework\library\Zend\EventManager\EventManager.php(444): call_user_func(Array, Object(Zend\Mvc\MvcEvent))
#21 D:\www\platform-admin\vendor\zendframework\zendframework\library\Zend\EventManager\EventManager.php(205): Zend\EventManager\EventManager->triggerListeners('dispatch', Object(Zend\Mvc\MvcEvent), Object(Closure))
#22 D:\www\platform-admin\vendor\zendframework\zendframework\library\Zend\Mvc\Application.php(314): Zend\EventManager\EventManager->trigger('dispatch', Object(Zend\Mvc\MvcEvent), Object(Closure))
#23 D:\www\platform-admin\public\index.php(12): Zend\Mvc\Application->run()
#24 {main}

Next exception 'Zend\ServiceManager\Exception\ServiceNotCreatedException' with message 'An exception was raised while creating "Admin\AuthenticationService"; no instance returned' in D:\www\platform-admin\vendor\zendframework\zendframework\library\Zend\ServiceManager\ServiceManager.php:946
Stack trace:
#0 D:\www\platform-admin\vendor\zendframework\zendframework\library\Zend\ServiceManager\ServiceManager.php(1097): Zend\ServiceManager\ServiceManager->createServiceViaCallback(Array, 'adminauthentica...', 'Admin\\Authentic...')
#1 D:\www\platform-admin\vendor\zendframework\zendframework\library\Zend\ServiceManager\ServiceManager.php(638): Zend\ServiceManager\ServiceManager->createFromFactory('adminauthentica...', 'Admin\\Authentic...')
#2 D:\www\platform-admin\vendor\zendframework\zendframework\library\Zend\ServiceManager\ServiceManager.php(598): Zend\ServiceManager\ServiceManager->doCreate('Admin\\Authentic...', 'adminauthentica...')
#3 D:\www\platform-admin\vendor\zendframework\zendframework\library\Zend\ServiceManager\ServiceManager.php(530): Zend\ServiceManager\ServiceManager->create(Array)
#4 D:\www\platform-admin\vendor\moln\gzfextra\src\Gzfextra\Mvc\Controller\Plugin\Get.php(19): Zend\ServiceManager\ServiceManager->get('Admin\\Authentic...', true)
#5 [internal function]: Gzfextra\Mvc\Controller\Plugin\Get->__invoke('Admin\\Authentic...')
#6 D:\www\platform-admin\vendor\zendframework\zendframework\library\Zend\Mvc\Controller\AbstractController.php(309): call_user_func_array(Object(Gzfextra\Mvc\Controller\Plugin\Get), Array)
#7 D:\www\platform-admin\module\Admin\src\Controller\AuthController.php(39): Zend\Mvc\Controller\AbstractController->__call('get', Array)
#8 D:\www\platform-admin\module\Admin\src\Controller\AuthController.php(39): Admin\Controller\AuthController->get('Admin\\Authentic...')
#9 D:\www\platform-admin\vendor\zendframework\zendframework\library\Zend\Mvc\Controller\AbstractActionController.php(82): Admin\Controller\AuthController->loginAction()
#10 [internal function]: Zend\Mvc\Controller\AbstractActionController->onDispatch(Object(Zend\Mvc\MvcEvent))
#11 D:\www\platform-admin\vendor\zendframework\zendframework\library\Zend\EventManager\EventManager.php(444): call_user_func(Array, Object(Zend\Mvc\MvcEvent))
#12 D:\www\platform-admin\vendor\zendframework\zendframework\library\Zend\EventManager\EventManager.php(205): Zend\EventManager\EventManager->triggerListeners('dispatch', Object(Zend\Mvc\MvcEvent), Object(Closure))
#13 D:\www\platform-admin\vendor\zendframework\zendframework\library\Zend\Mvc\Controller\AbstractController.php(118): Zend\EventManager\EventManager->trigger('dispatch', Object(Zend\Mvc\MvcEvent), Object(Closure))
#14 D:\www\platform-admin\vendor\zendframework\zendframework\library\Zend\Mvc\DispatchListener.php(93): Zend\Mvc\Controller\AbstractController->dispatch(Object(Zend\Http\PhpEnvironment\Request), Object(Zend\Http\PhpEnvironment\Response))
#15 [internal function]: Zend\Mvc\DispatchListener->onDispatch(Object(Zend\Mvc\MvcEvent))
#16 D:\www\platform-admin\vendor\zendframework\zendframework\library\Zend\EventManager\EventManager.php(444): call_user_func(Array, Object(Zend\Mvc\MvcEvent))
#17 D:\www\platform-admin\vendor\zendframework\zendframework\library\Zend\EventManager\EventManager.php(205): Zend\EventManager\EventManager->triggerListeners('dispatch', Object(Zend\Mvc\MvcEvent), Object(Closure))
#18 D:\www\platform-admin\vendor\zendframework\zendframework\library\Zend\Mvc\Application.php(314): Zend\EventManager\EventManager->trigger('dispatch', Object(Zend\Mvc\MvcEvent), Object(Closure))
#19 D:\www\platform-admin\public\index.php(12): Zend\Mvc\Application->run()
#20 {main}exception 'PDOException' with message 'SQLSTATE[42S22]: Column not found: 1054 Unknown column 'credential_column' in 'field list'' in D:\www\platform-admin\vendor\zendframework\zendframework\library\Zend\Db\Adapter\Driver\Pdo\Statement.php:239
Stack trace:
#0 D:\www\platform-admin\vendor\zendframework\zendframework\library\Zend\Db\Adapter\Driver\Pdo\Statement.php(239): PDOStatement->execute()
#1 D:\www\platform-admin\vendor\zendframework\zendframework\library\Zend\Authentication\Adapter\DbTable\AbstractAdapter.php(319): Zend\Db\Adapter\Driver\Pdo\Statement->execute()
#2 D:\www\platform-admin\vendor\zendframework\zendframework\library\Zend\Authentication\Adapter\DbTable\AbstractAdapter.php(234): Zend\Authentication\Adapter\DbTable\AbstractAdapter->authenticateQuerySelect(Object(Zend\Db\Sql\Select))
#3 D:\www\platform-admin\module\Admin\src\Authentication\DbTable.php(67): Zend\Authentication\Adapter\DbTable\AbstractAdapter->authenticate()
#4 D:\www\platform-admin\vendor\zendframework\zendframework\library\Zend\Authentication\AuthenticationService.php(110): Admin\Authentication\DbTable->authenticate()
#5 D:\www\platform-admin\module\Admin\src\Controller\AuthController.php(44): Zend\Authentication\AuthenticationService->authenticate()
#6 D:\www\platform-admin\vendor\zendframework\zendframework\library\Zend\Mvc\Controller\AbstractActionController.php(82): Admin\Controller\AuthController->loginAction()
#7 [internal function]: Zend\Mvc\Controller\AbstractActionController->onDispatch(Object(Zend\Mvc\MvcEvent))
#8 D:\www\platform-admin\vendor\zendframework\zendframework\library\Zend\EventManager\EventManager.php(444): call_user_func(Array, Object(Zend\Mvc\MvcEvent))
#9 D:\www\platform-admin\vendor\zendframework\zendframework\library\Zend\EventManager\EventManager.php(205): Zend\EventManager\EventManager->triggerListeners('dispatch', Object(Zend\Mvc\MvcEvent), Object(Closure))
#10 D:\www\platform-admin\vendor\zendframework\zendframework\library\Zend\Mvc\Controller\AbstractController.php(118): Zend\EventManager\EventManager->trigger('dispatch', Object(Zend\Mvc\MvcEvent), Object(Closure))
#11 D:\www\platform-admin\vendor\zendframework\zendframework\library\Zend\Mvc\DispatchListener.php(93): Zend\Mvc\Controller\AbstractController->dispatch(Object(Zend\Http\PhpEnvironment\Request), Object(Zend\Http\PhpEnvironment\Response))
#12 [internal function]: Zend\Mvc\DispatchListener->onDispatch(Object(Zend\Mvc\MvcEvent))
#13 D:\www\platform-admin\vendor\zendframework\zendframework\library\Zend\EventManager\EventManager.php(444): call_user_func(Array, Object(Zend\Mvc\MvcEvent))
#14 D:\www\platform-admin\vendor\zendframework\zendframework\library\Zend\EventManager\EventManager.php(205): Zend\EventManager\EventManager->triggerListeners('dispatch', Object(Zend\Mvc\MvcEvent), Object(Closure))
#15 D:\www\platform-admin\vendor\zendframework\zendframework\library\Zend\Mvc\Application.php(314): Zend\EventManager\EventManager->trigger('dispatch', Object(Zend\Mvc\MvcEvent), Object(Closure))
#16 D:\www\platform-admin\public\index.php(12): Zend\Mvc\Application->run()
#17 {main}

Next exception 'Zend\Db\Adapter\Exception\InvalidQueryException' with message 'Statement could not be executed (42S22 - 1054 - Unknown column 'credential_column' in 'field list')' in D:\www\platform-admin\vendor\zendframework\zendframework\library\Zend\Db\Adapter\Driver\Pdo\Statement.php:244
Stack trace:
#0 D:\www\platform-admin\vendor\zendframework\zendframework\library\Zend\Authentication\Adapter\DbTable\AbstractAdapter.php(319): Zend\Db\Adapter\Driver\Pdo\Statement->execute()
#1 D:\www\platform-admin\vendor\zendframework\zendframework\library\Zend\Authentication\Adapter\DbTable\AbstractAdapter.php(234): Zend\Authentication\Adapter\DbTable\AbstractAdapter->authenticateQuerySelect(Object(Zend\Db\Sql\Select))
#2 D:\www\platform-admin\module\Admin\src\Authentication\DbTable.php(67): Zend\Authentication\Adapter\DbTable\AbstractAdapter->authenticate()
#3 D:\www\platform-admin\vendor\zendframework\zendframework\library\Zend\Authentication\AuthenticationService.php(110): Admin\Authentication\DbTable->authenticate()
#4 D:\www\platform-admin\module\Admin\src\Controller\AuthController.php(44): Zend\Authentication\AuthenticationService->authenticate()
#5 D:\www\platform-admin\vendor\zendframework\zendframework\library\Zend\Mvc\Controller\AbstractActionController.php(82): Admin\Controller\AuthController->loginAction()
#6 [internal function]: Zend\Mvc\Controller\AbstractActionController->onDispatch(Object(Zend\Mvc\MvcEvent))
#7 D:\www\platform-admin\vendor\zendframework\zendframework\library\Zend\EventManager\EventManager.php(444): call_user_func(Array, Object(Zend\Mvc\MvcEvent))
#8 D:\www\platform-admin\vendor\zendframework\zendframework\library\Zend\EventManager\EventManager.php(205): Zend\EventManager\EventManager->triggerListeners('dispatch', Object(Zend\Mvc\MvcEvent), Object(Closure))
#9 D:\www\platform-admin\vendor\zendframework\zendframework\library\Zend\Mvc\Controller\AbstractController.php(118): Zend\EventManager\EventManager->trigger('dispatch', Object(Zend\Mvc\MvcEvent), Object(Closure))
#10 D:\www\platform-admin\vendor\zendframework\zendframework\library\Zend\Mvc\DispatchListener.php(93): Zend\Mvc\Controller\AbstractController->dispatch(Object(Zend\Http\PhpEnvironment\Request), Object(Zend\Http\PhpEnvironment\Response))
#11 [internal function]: Zend\Mvc\DispatchListener->onDispatch(Object(Zend\Mvc\MvcEvent))
#12 D:\www\platform-admin\vendor\zendframework\zendframework\library\Zend\EventManager\EventManager.php(444): call_user_func(Array, Object(Zend\Mvc\MvcEvent))
#13 D:\www\platform-admin\vendor\zendframework\zendframework\library\Zend\EventManager\EventManager.php(205): Zend\EventManager\EventManager->triggerListeners('dispatch', Object(Zend\Mvc\MvcEvent), Object(Closure))
#14 D:\www\platform-admin\vendor\zendframework\zendframework\library\Zend\Mvc\Application.php(314): Zend\EventManager\EventManager->trigger('dispatch', Object(Zend\Mvc\MvcEvent), Object(Closure))
#15 D:\www\platform-admin\public\index.php(12): Zend\Mvc\Application->run()
#16 {main}

Next exception 'Zend\Authentication\Adapter\DbTable\Exception\RuntimeException' with message 'The supplied parameters to DbTable failed to produce a valid sql statement, please check table and column names for validity.' in D:\www\platform-admin\vendor\zendframework\zendframework\library\Zend\Authentication\Adapter\DbTable\AbstractAdapter.php:331
Stack trace:
#0 D:\www\platform-admin\vendor\zendframework\zendframework\library\Zend\Authentication\Adapter\DbTable\AbstractAdapter.php(234): Zend\Authentication\Adapter\DbTable\AbstractAdapter->authenticateQuerySelect(Object(Zend\Db\Sql\Select))
#1 D:\www\platform-admin\module\Admin\src\Authentication\DbTable.php(67): Zend\Authentication\Adapter\DbTable\AbstractAdapter->authenticate()
#2 D:\www\platform-admin\vendor\zendframework\zendframework\library\Zend\Authentication\AuthenticationService.php(110): Admin\Authentication\DbTable->authenticate()
#3 D:\www\platform-admin\module\Admin\src\Controller\AuthController.php(44): Zend\Authentication\AuthenticationService->authenticate()
#4 D:\www\platform-admin\vendor\zendframework\zendframework\library\Zend\Mvc\Controller\AbstractActionController.php(82): Admin\Controller\AuthController->loginAction()
#5 [internal function]: Zend\Mvc\Controller\AbstractActionController->onDispatch(Object(Zend\Mvc\MvcEvent))
#6 D:\www\platform-admin\vendor\zendframework\zendframework\library\Zend\EventManager\EventManager.php(444): call_user_func(Array, Object(Zend\Mvc\MvcEvent))
#7 D:\www\platform-admin\vendor\zendframework\zendframework\library\Zend\EventManager\EventManager.php(205): Zend\EventManager\EventManager->triggerListeners('dispatch', Object(Zend\Mvc\MvcEvent), Object(Closure))
#8 D:\www\platform-admin\vendor\zendframework\zendframework\library\Zend\Mvc\Controller\AbstractController.php(118): Zend\EventManager\EventManager->trigger('dispatch', Object(Zend\Mvc\MvcEvent), Object(Closure))
#9 D:\www\platform-admin\vendor\zendframework\zendframework\library\Zend\Mvc\DispatchListener.php(93): Zend\Mvc\Controller\AbstractController->dispatch(Object(Zend\Http\PhpEnvironment\Request), Object(Zend\Http\PhpEnvironment\Response))
#10 [internal function]: Zend\Mvc\DispatchListener->onDispatch(Object(Zend\Mvc\MvcEvent))
#11 D:\www\platform-admin\vendor\zendframework\zendframework\library\Zend\EventManager\EventManager.php(444): call_user_func(Array, Object(Zend\Mvc\MvcEvent))
#12 D:\www\platform-admin\vendor\zendframework\zendframework\library\Zend\EventManager\EventManager.php(205): Zend\EventManager\EventManager->triggerListeners('dispatch', Object(Zend\Mvc\MvcEvent), Object(Closure))
#13 D:\www\platform-admin\vendor\zendframework\zendframework\library\Zend\Mvc\Application.php(314): Zend\EventManager\EventManager->trigger('dispatch', Object(Zend\Mvc\MvcEvent), Object(Closure))
#14 D:\www\platform-admin\public\index.php(12): Zend\Mvc\Application->run()
#15 {main}